This is pdfTeX, Version 3.141592653-2.6-1.40.22 (TeX Live 2022/dev/Debian) (preloaded format=pdflatex 2023.9.3)  21 SEP 2023 09:10
entering extended mode
 restricted \write18 enabled.
 %&-line parsing enabled.
**shell.tex
(./shell.tex
LaTeX2e <2021-11-15> patch level 1
L3 programming layer <2022-01-21>
(/usr/share/texlive/texmf-dist/tex/latex/beamer/beamer.cls
Document Class: beamer 2022/01/21 v3.65 A class for typesetting presentations
(/usr/share/texlive/texmf-dist/tex/latex/beamer/beamerbasemodes.sty
(/usr/share/texlive/texmf-dist/tex/latex/etoolbox/etoolbox.sty
Package: etoolbox 2020/10/05 v2.5k e-TeX tools for LaTeX (JAW)
\etb@tempcnta=\count185
)
\beamer@tempbox=\box50
\beamer@tempcount=\count186
\c@beamerpauses=\count187

(/usr/share/texlive/texmf-dist/tex/latex/beamer/beamerbasedecode.sty
\beamer@slideinframe=\count188
\beamer@minimum=\count189
\beamer@decode@box=\box51
)
\beamer@commentbox=\box52
\beamer@modecount=\count190
)
(/usr/share/texlive/texmf-dist/tex/generic/iftex/ifpdf.sty
Package: ifpdf 2019/10/25 v3.4 ifpdf legacy package. Use iftex instead.

(/usr/share/texlive/texmf-dist/tex/generic/iftex/iftex.sty
Package: iftex 2020/03/06 v1.0d TeX engine tests
))
\headdp=\dimen138
\footheight=\dimen139
\sidebarheight=\dimen140
\beamer@tempdim=\dimen141
\beamer@finalheight=\dimen142
\beamer@animht=\dimen143
\beamer@animdp=\dimen144
\beamer@animwd=\dimen145
\beamer@leftmargin=\dimen146
\beamer@rightmargin=\dimen147
\beamer@leftsidebar=\dimen148
\beamer@rightsidebar=\dimen149
\beamer@boxsize=\dimen150
\beamer@vboxoffset=\dimen151
\beamer@descdefault=\dimen152
\beamer@descriptionwidth=\dimen153
\beamer@lastskip=\skip47
\beamer@areabox=\box53
\beamer@animcurrent=\box54
\beamer@animshowbox=\box55
\beamer@sectionbox=\box56
\beamer@logobox=\box57
\beamer@linebox=\box58
\beamer@sectioncount=\count191
\beamer@subsubsectionmax=\count192
\beamer@subsectionmax=\count193
\beamer@sectionmax=\count194
\beamer@totalheads=\count195
\beamer@headcounter=\count196
\beamer@partstartpage=\count197
\beamer@sectionstartpage=\count198
\beamer@subsectionstartpage=\count199
\beamer@animationtempa=\count266
\beamer@animationtempb=\count267
\beamer@xpos=\count268
\beamer@ypos=\count269
\beamer@ypos@offset=\count270
\beamer@showpartnumber=\count271
\beamer@currentsubsection=\count272
\beamer@coveringdepth=\count273
\beamer@sectionadjust=\count274
\beamer@toclastsection=\count275
\beamer@tocsectionnumber=\count276

(/usr/share/texlive/texmf-dist/tex/latex/beamer/beamerbaseoptions.sty
(/usr/share/texlive/texmf-dist/tex/latex/graphics/keyval.sty
Package: keyval 2014/10/28 v1.15 key=value parser (DPC)
\KV@toks@=\toks16
))
\beamer@paperwidth=\skip48
\beamer@paperheight=\skip49

(/usr/share/texlive/texmf-dist/tex/latex/geometry/geometry.sty
Package: geometry 2020/01/02 v5.9 Page Geometry

(/usr/share/texlive/texmf-dist/tex/generic/iftex/ifvtex.sty
Package: ifvtex 2019/10/25 v1.7 ifvtex legacy package. Use iftex instead.
)
\Gm@cnth=\count277
\Gm@cntv=\count278
\c@Gm@tempcnt=\count279
\Gm@bindingoffset=\dimen154
\Gm@wd@mp=\dimen155
\Gm@odd@mp=\dimen156
\Gm@even@mp=\dimen157
\Gm@layoutwidth=\dimen158
\Gm@layoutheight=\dimen159
\Gm@layouthoffset=\dimen160
\Gm@layoutvoffset=\dimen161
\Gm@dimlist=\toks17
)
(/usr/share/texlive/texmf-dist/tex/latex/pgf/basiclayer/pgfcore.sty
(/usr/share/texlive/texmf-dist/tex/latex/graphics/graphicx.sty
Package: graphicx 2021/09/16 v1.2d Enhanced LaTeX Graphics (DPC,SPQR)

(/usr/share/texlive/texmf-dist/tex/latex/graphics/graphics.sty
Package: graphics 2021/03/04 v1.4d Standard LaTeX Graphics (DPC,SPQR)

(/usr/share/texlive/texmf-dist/tex/latex/graphics/trig.sty
Package: trig 2021/08/11 v1.11 sin cos tan (DPC)
)
(/usr/share/texlive/texmf-dist/tex/latex/graphics-cfg/graphics.cfg
File: graphics.cfg 2016/06/04 v1.11 sample graphics configuration
)
Package graphics Info: Driver file: pdftex.def on input line 107.

(/usr/share/texlive/texmf-dist/tex/latex/graphics-def/pdftex.def
File: pdftex.def 2020/10/05 v1.2a Graphics/color driver for pdftex
))
\Gin@req@height=\dimen162
\Gin@req@width=\dimen163
)
(/usr/share/texlive/texmf-dist/tex/latex/pgf/systemlayer/pgfsys.sty
(/usr/share/texlive/texmf-dist/tex/latex/pgf/utilities/pgfrcs.sty
(/usr/share/texlive/texmf-dist/tex/generic/pgf/utilities/pgfutil-common.tex
\pgfutil@everybye=\toks18
\pgfutil@tempdima=\dimen164
\pgfutil@tempdimb=\dimen165

(/usr/share/texlive/texmf-dist/tex/generic/pgf/utilities/pgfutil-common-lists.t
ex)) (/usr/share/texlive/texmf-dist/tex/generic/pgf/utilities/pgfutil-latex.def
\pgfutil@abb=\box59
) (/usr/share/texlive/texmf-dist/tex/generic/pgf/utilities/pgfrcs.code.tex
(/usr/share/texlive/texmf-dist/tex/generic/pgf/pgf.revision.tex)
Package: pgfrcs 2021/05/15 v3.1.9a (3.1.9a)
))
(/usr/share/texlive/texmf-dist/tex/generic/pgf/systemlayer/pgfsys.code.tex
Package: pgfsys 2021/05/15 v3.1.9a (3.1.9a)

(/usr/share/texlive/texmf-dist/tex/generic/pgf/utilities/pgfkeys.code.tex
\pgfkeys@pathtoks=\toks19
\pgfkeys@temptoks=\toks20

(/usr/share/texlive/texmf-dist/tex/generic/pgf/utilities/pgfkeysfiltered.code.t
ex
\pgfkeys@tmptoks=\toks21
))
\pgf@x=\dimen166
\pgf@y=\dimen167
\pgf@xa=\dimen168
\pgf@ya=\dimen169
\pgf@xb=\dimen170
\pgf@yb=\dimen171
\pgf@xc=\dimen172
\pgf@yc=\dimen173
\pgf@xd=\dimen174
\pgf@yd=\dimen175
\w@pgf@writea=\write3
\r@pgf@reada=\read2
\c@pgf@counta=\count280
\c@pgf@countb=\count281
\c@pgf@countc=\count282
\c@pgf@countd=\count283
\t@pgf@toka=\toks22
\t@pgf@tokb=\toks23
\t@pgf@tokc=\toks24
\pgf@sys@id@count=\count284
 (/usr/share/texlive/texmf-dist/tex/generic/pgf/systemlayer/pgf.cfg
File: pgf.cfg 2021/05/15 v3.1.9a (3.1.9a)
)
Driver file for pgf: pgfsys-pdftex.def

(/usr/share/texlive/texmf-dist/tex/generic/pgf/systemlayer/pgfsys-pdftex.def
File: pgfsys-pdftex.def 2021/05/15 v3.1.9a (3.1.9a)

(/usr/share/texlive/texmf-dist/tex/generic/pgf/systemlayer/pgfsys-common-pdf.de
f
File: pgfsys-common-pdf.def 2021/05/15 v3.1.9a (3.1.9a)
)))
(/usr/share/texlive/texmf-dist/tex/generic/pgf/systemlayer/pgfsyssoftpath.code.
tex
File: pgfsyssoftpath.code.tex 2021/05/15 v3.1.9a (3.1.9a)
\pgfsyssoftpath@smallbuffer@items=\count285
\pgfsyssoftpath@bigbuffer@items=\count286
)
(/usr/share/texlive/texmf-dist/tex/generic/pgf/systemlayer/pgfsysprotocol.code.
tex
File: pgfsysprotocol.code.tex 2021/05/15 v3.1.9a (3.1.9a)
)) (/usr/share/texlive/texmf-dist/tex/latex/xcolor/xcolor.sty
Package: xcolor 2021/10/31 v2.13 LaTeX color extensions (UK)

(/usr/share/texlive/texmf-dist/tex/latex/graphics-cfg/color.cfg
File: color.cfg 2016/01/02 v1.6 sample color configuration
)
Package xcolor Info: Driver file: pdftex.def on input line 227.
Package xcolor Info: Model `cmy' substituted by `cmy0' on input line 1352.
Package xcolor Info: Model `hsb' substituted by `rgb' on input line 1356.
Package xcolor Info: Model `RGB' extended on input line 1368.
Package xcolor Info: Model `HTML' substituted by `rgb' on input line 1370.
Package xcolor Info: Model `Hsb' substituted by `hsb' on input line 1371.
Package xcolor Info: Model `tHsb' substituted by `hsb' on input line 1372.
Package xcolor Info: Model `HSB' substituted by `hsb' on input line 1373.
Package xcolor Info: Model `Gray' substituted by `gray' on input line 1374.
Package xcolor Info: Model `wave' substituted by `hsb' on input line 1375.
)
(/usr/share/texlive/texmf-dist/tex/generic/pgf/basiclayer/pgfcore.code.tex
Package: pgfcore 2021/05/15 v3.1.9a (3.1.9a)

(/usr/share/texlive/texmf-dist/tex/generic/pgf/math/pgfmath.code.tex
(/usr/share/texlive/texmf-dist/tex/generic/pgf/math/pgfmathcalc.code.tex
(/usr/share/texlive/texmf-dist/tex/generic/pgf/math/pgfmathutil.code.tex)
(/usr/share/texlive/texmf-dist/tex/generic/pgf/math/pgfmathparser.code.tex
\pgfmath@dimen=\dimen176
\pgfmath@count=\count287
\pgfmath@box=\box60
\pgfmath@toks=\toks25
\pgfmath@stack@operand=\toks26
\pgfmath@stack@operation=\toks27
)
(/usr/share/texlive/texmf-dist/tex/generic/pgf/math/pgfmathfunctions.code.tex
(/usr/share/texlive/texmf-dist/tex/generic/pgf/math/pgfmathfunctions.basic.code
.tex)
(/usr/share/texlive/texmf-dist/tex/generic/pgf/math/pgfmathfunctions.trigonomet
ric.code.tex)
(/usr/share/texlive/texmf-dist/tex/generic/pgf/math/pgfmathfunctions.random.cod
e.tex)
(/usr/share/texlive/texmf-dist/tex/generic/pgf/math/pgfmathfunctions.comparison
.code.tex)
(/usr/share/texlive/texmf-dist/tex/generic/pgf/math/pgfmathfunctions.base.code.
tex)
(/usr/share/texlive/texmf-dist/tex/generic/pgf/math/pgfmathfunctions.round.code
.tex)
(/usr/share/texlive/texmf-dist/tex/generic/pgf/math/pgfmathfunctions.misc.code.
tex)
(/usr/share/texlive/texmf-dist/tex/generic/pgf/math/pgfmathfunctions.integerari
thmetics.code.tex)))
(/usr/share/texlive/texmf-dist/tex/generic/pgf/math/pgfmathfloat.code.tex
\c@pgfmathroundto@lastzeros=\count288
))
(/usr/share/texlive/texmf-dist/tex/generic/pgf/math/pgfint.code.tex)
(/usr/share/texlive/texmf-dist/tex/generic/pgf/basiclayer/pgfcorepoints.code.te
x
File: pgfcorepoints.code.tex 2021/05/15 v3.1.9a (3.1.9a)
\pgf@picminx=\dimen177
\pgf@picmaxx=\dimen178
\pgf@picminy=\dimen179
\pgf@picmaxy=\dimen180
\pgf@pathminx=\dimen181
\pgf@pathmaxx=\dimen182
\pgf@pathminy=\dimen183
\pgf@pathmaxy=\dimen184
\pgf@xx=\dimen185
\pgf@xy=\dimen186
\pgf@yx=\dimen187
\pgf@yy=\dimen188
\pgf@zx=\dimen189
\pgf@zy=\dimen190
)
(/usr/share/texlive/texmf-dist/tex/generic/pgf/basiclayer/pgfcorepathconstruct.
code.tex
File: pgfcorepathconstruct.code.tex 2021/05/15 v3.1.9a (3.1.9a)
\pgf@path@lastx=\dimen191
\pgf@path@lasty=\dimen192
)
(/usr/share/texlive/texmf-dist/tex/generic/pgf/basiclayer/pgfcorepathusage.code
.tex
File: pgfcorepathusage.code.tex 2021/05/15 v3.1.9a (3.1.9a)
\pgf@shorten@end@additional=\dimen193
\pgf@shorten@start@additional=\dimen194
)
(/usr/share/texlive/texmf-dist/tex/generic/pgf/basiclayer/pgfcorescopes.code.te
x
File: pgfcorescopes.code.tex 2021/05/15 v3.1.9a (3.1.9a)
\pgfpic=\box61
\pgf@hbox=\box62
\pgf@layerbox@main=\box63
\pgf@picture@serial@count=\count289
)
(/usr/share/texlive/texmf-dist/tex/generic/pgf/basiclayer/pgfcoregraphicstate.c
ode.tex
File: pgfcoregraphicstate.code.tex 2021/05/15 v3.1.9a (3.1.9a)
\pgflinewidth=\dimen195
)
(/usr/share/texlive/texmf-dist/tex/generic/pgf/basiclayer/pgfcoretransformation
s.code.tex
File: pgfcoretransformations.code.tex 2021/05/15 v3.1.9a (3.1.9a)
\pgf@pt@x=\dimen196
\pgf@pt@y=\dimen197
\pgf@pt@temp=\dimen198
)
(/usr/share/texlive/texmf-dist/tex/generic/pgf/basiclayer/pgfcorequick.code.tex
File: pgfcorequick.code.tex 2021/05/15 v3.1.9a (3.1.9a)
)
(/usr/share/texlive/texmf-dist/tex/generic/pgf/basiclayer/pgfcoreobjects.code.t
ex
File: pgfcoreobjects.code.tex 2021/05/15 v3.1.9a (3.1.9a)
)
(/usr/share/texlive/texmf-dist/tex/generic/pgf/basiclayer/pgfcorepathprocessing
.code.tex
File: pgfcorepathprocessing.code.tex 2021/05/15 v3.1.9a (3.1.9a)
)
(/usr/share/texlive/texmf-dist/tex/generic/pgf/basiclayer/pgfcorearrows.code.te
x
File: pgfcorearrows.code.tex 2021/05/15 v3.1.9a (3.1.9a)
\pgfarrowsep=\dimen199
)
(/usr/share/texlive/texmf-dist/tex/generic/pgf/basiclayer/pgfcoreshade.code.tex
File: pgfcoreshade.code.tex 2021/05/15 v3.1.9a (3.1.9a)
\pgf@max=\dimen256
\pgf@sys@shading@range@num=\count290
\pgf@shadingcount=\count291
)
(/usr/share/texlive/texmf-dist/tex/generic/pgf/basiclayer/pgfcoreimage.code.tex
File: pgfcoreimage.code.tex 2021/05/15 v3.1.9a (3.1.9a)

(/usr/share/texlive/texmf-dist/tex/generic/pgf/basiclayer/pgfcoreexternal.code.
tex
File: pgfcoreexternal.code.tex 2021/05/15 v3.1.9a (3.1.9a)
\pgfexternal@startupbox=\box64
))
(/usr/share/texlive/texmf-dist/tex/generic/pgf/basiclayer/pgfcorelayers.code.te
x
File: pgfcorelayers.code.tex 2021/05/15 v3.1.9a (3.1.9a)
)
(/usr/share/texlive/texmf-dist/tex/generic/pgf/basiclayer/pgfcoretransparency.c
ode.tex
File: pgfcoretransparency.code.tex 2021/05/15 v3.1.9a (3.1.9a)
)
(/usr/share/texlive/texmf-dist/tex/generic/pgf/basiclayer/pgfcorepatterns.code.
tex
File: pgfcorepatterns.code.tex 2021/05/15 v3.1.9a (3.1.9a)
)
(/usr/share/texlive/texmf-dist/tex/generic/pgf/basiclayer/pgfcorerdf.code.tex
File: pgfcorerdf.code.tex 2021/05/15 v3.1.9a (3.1.9a)
))) (/usr/share/texlive/texmf-dist/tex/latex/base/size10.clo
File: size10.clo 2021/10/04 v1.4n Standard LaTeX file (size option)
)
(/usr/share/texlive/texmf-dist/tex/latex/pgf/utilities/xxcolor.sty
Package: xxcolor 2003/10/24 ver 0.1
\XC@nummixins=\count292
\XC@countmixins=\count293
)
(/usr/share/texlive/texmf-dist/tex/latex/base/atbegshi-ltx.sty
Package: atbegshi-ltx 2021/01/10 v1.0c Emulation of the original atbegshi
package with kernel methods
)
(/usr/share/texlive/texmf-dist/tex/latex/hyperref/hyperref.sty
Package: hyperref 2021-06-07 v7.00m Hypertext links for LaTeX

(/usr/share/texlive/texmf-dist/tex/generic/ltxcmds/ltxcmds.sty
Package: ltxcmds 2020-05-10 v1.25 LaTeX kernel commands for general use (HO)
)
(/usr/share/texlive/texmf-dist/tex/generic/pdftexcmds/pdftexcmds.sty
Package: pdftexcmds 2020-06-27 v0.33 Utility functions of pdfTeX for LuaTeX (HO
)

(/usr/share/texlive/texmf-dist/tex/generic/infwarerr/infwarerr.sty
Package: infwarerr 2019/12/03 v1.5 Providing info/warning/error messages (HO)
)
Package pdftexcmds Info: \pdf@primitive is available.
Package pdftexcmds Info: \pdf@ifprimitive is available.
Package pdftexcmds Info: \pdfdraftmode found.
)
(/usr/share/texlive/texmf-dist/tex/generic/kvsetkeys/kvsetkeys.sty
Package: kvsetkeys 2019/12/15 v1.18 Key value parser (HO)
)
(/usr/share/texlive/texmf-dist/tex/generic/kvdefinekeys/kvdefinekeys.sty
Package: kvdefinekeys 2019-12-19 v1.6 Define keys (HO)
)
(/usr/share/texlive/texmf-dist/tex/generic/pdfescape/pdfescape.sty
Package: pdfescape 2019/12/09 v1.15 Implements pdfTeX's escape features (HO)
)
(/usr/share/texlive/texmf-dist/tex/latex/hycolor/hycolor.sty
Package: hycolor 2020-01-27 v1.10 Color options for hyperref/bookmark (HO)
)
(/usr/share/texlive/texmf-dist/tex/latex/letltxmacro/letltxmacro.sty
Package: letltxmacro 2019/12/03 v1.6 Let assignment for LaTeX macros (HO)
)
(/usr/share/texlive/texmf-dist/tex/latex/auxhook/auxhook.sty
Package: auxhook 2019-12-17 v1.6 Hooks for auxiliary files (HO)
)
(/usr/share/texlive/texmf-dist/tex/latex/kvoptions/kvoptions.sty
Package: kvoptions 2020-10-07 v3.14 Key value format for package options (HO)
)
\@linkdim=\dimen257
\Hy@linkcounter=\count294
\Hy@pagecounter=\count295

(/usr/share/texlive/texmf-dist/tex/latex/hyperref/pd1enc.def
File: pd1enc.def 2021-06-07 v7.00m Hyperref: PDFDocEncoding definition (HO)
Now handling font encoding PD1 ...
... no UTF-8 mapping file for font encoding PD1
)
(/usr/share/texlive/texmf-dist/tex/latex/hyperref/hyperref-langpatches.def
File: hyperref-langpatches.def 2021-06-07 v7.00m Hyperref: patches for babel la
nguages
)
(/usr/share/texlive/texmf-dist/tex/generic/intcalc/intcalc.sty
Package: intcalc 2019/12/15 v1.3 Expandable calculations with integers (HO)
)
(/usr/share/texlive/texmf-dist/tex/generic/etexcmds/etexcmds.sty
Package: etexcmds 2019/12/15 v1.7 Avoid name clashes with e-TeX commands (HO)
)
\Hy@SavedSpaceFactor=\count296

(/usr/share/texlive/texmf-dist/tex/latex/hyperref/puenc.def
File: puenc.def 2021-06-07 v7.00m Hyperref: PDF Unicode definition (HO)
Now handling font encoding PU ...
... no UTF-8 mapping file for font encoding PU
)
Package hyperref Info: Option `bookmarks' set `true' on input line 4073.
Package hyperref Info: Option `bookmarksopen' set `true' on input line 4073.
Package hyperref Info: Option `implicit' set `false' on input line 4073.
Package hyperref Info: Hyper figures OFF on input line 4192.
Package hyperref Info: Link nesting OFF on input line 4197.
Package hyperref Info: Hyper index ON on input line 4200.
Package hyperref Info: Plain pages OFF on input line 4207.
Package hyperref Info: Backreferencing OFF on input line 4212.
Package hyperref Info: Implicit mode OFF; no redefinition of LaTeX internals.
Package hyperref Info: Bookmarks ON on input line 4445.
\c@Hy@tempcnt=\count297

(/usr/share/texlive/texmf-dist/tex/latex/url/url.sty
\Urlmuskip=\muskip16
Package: url 2013/09/16  ver 3.4  Verb mode for urls, etc.
)
LaTeX Info: Redefining \url on input line 4804.
\XeTeXLinkMargin=\dimen258

(/usr/share/texlive/texmf-dist/tex/generic/bitset/bitset.sty
Package: bitset 2019/12/09 v1.3 Handle bit-vector datatype (HO)

(/usr/share/texlive/texmf-dist/tex/generic/bigintcalc/bigintcalc.sty
Package: bigintcalc 2019/12/15 v1.5 Expandable calculations on big integers (HO
)
))
\Fld@menulength=\count298
\Field@Width=\dimen259
\Fld@charsize=\dimen260
Package hyperref Info: Hyper figures OFF on input line 6076.
Package hyperref Info: Link nesting OFF on input line 6081.
Package hyperref Info: Hyper index ON on input line 6084.
Package hyperref Info: backreferencing OFF on input line 6091.
Package hyperref Info: Link coloring OFF on input line 6096.
Package hyperref Info: Link coloring with OCG OFF on input line 6101.
Package hyperref Info: PDF/A mode OFF on input line 6106.
LaTeX Info: Redefining \ref on input line 6146.
LaTeX Info: Redefining \pageref on input line 6150.
\Hy@abspage=\count299


Package hyperref Message: Stopped early.

)
Package hyperref Info: Driver (autodetected): hpdftex.
 (/usr/share/texlive/texmf-dist/tex/latex/hyperref/hpdftex.def
File: hpdftex.def 2021-06-07 v7.00m Hyperref driver for pdfTeX

(/usr/share/texlive/texmf-dist/tex/latex/base/atveryend-ltx.sty
Package: atveryend-ltx 2020/08/19 v1.0a Emulation of the original atveryend pac
kage
with kernel methods
)
\Fld@listcount=\count300
\c@bookmark@seq@number=\count301

(/usr/share/texlive/texmf-dist/tex/latex/rerunfilecheck/rerunfilecheck.sty
Package: rerunfilecheck 2019/12/05 v1.9 Rerun checks for auxiliary files (HO)

(/usr/share/texlive/texmf-dist/tex/generic/uniquecounter/uniquecounter.sty
Package: uniquecounter 2019/12/15 v1.4 Provide unlimited unique counter (HO)
)
Package uniquecounter Info: New unique counter `rerunfilecheck' on input line 2
86.
))
(/usr/share/texlive/texmf-dist/tex/latex/beamer/beamerbaserequires.sty
(/usr/share/texlive/texmf-dist/tex/latex/beamer/beamerbasecompatibility.sty)
(/usr/share/texlive/texmf-dist/tex/latex/beamer/beamerbasefont.sty
(/usr/share/texlive/texmf-dist/tex/latex/amsfonts/amssymb.sty
Package: amssymb 2013/01/14 v3.01 AMS font symbols

(/usr/share/texlive/texmf-dist/tex/latex/amsfonts/amsfonts.sty
Package: amsfonts 2013/01/14 v3.01 Basic AMSFonts support
\@emptytoks=\toks28
\symAMSa=\mathgroup4
\symAMSb=\mathgroup5
LaTeX Font Info:    Redeclaring math symbol \hbar on input line 98.
LaTeX Font Info:    Overwriting math alphabet `\mathfrak' in version `bold'
(Font)                  U/euf/m/n --> U/euf/b/n on input line 106.
)))
(/usr/share/texlive/texmf-dist/tex/latex/beamer/beamerbasetranslator.sty
(/usr/share/texlive/texmf-dist/tex/latex/translator/translator.sty
Package: translator 2021-05-31 v1.12d Easy translation of strings in LaTeX
))
(/usr/share/texlive/texmf-dist/tex/latex/beamer/beamerbasemisc.sty)
(/usr/share/texlive/texmf-dist/tex/latex/beamer/beamerbasetwoscreens.sty)
(/usr/share/texlive/texmf-dist/tex/latex/beamer/beamerbaseoverlay.sty
\beamer@argscount=\count302
\beamer@lastskipcover=\skip50
\beamer@trivlistdepth=\count303
)
(/usr/share/texlive/texmf-dist/tex/latex/beamer/beamerbasetitle.sty)
(/usr/share/texlive/texmf-dist/tex/latex/beamer/beamerbasesection.sty
\c@lecture=\count304
\c@part=\count305
\c@section=\count306
\c@subsection=\count307
\c@subsubsection=\count308
)
(/usr/share/texlive/texmf-dist/tex/latex/beamer/beamerbaseframe.sty
\beamer@framebox=\box65
\beamer@frametitlebox=\box66
\beamer@zoombox=\box67
\beamer@zoomcount=\count309
\beamer@zoomframecount=\count310
\beamer@frametextheight=\dimen261
\c@subsectionslide=\count311
\beamer@frametopskip=\skip51
\beamer@framebottomskip=\skip52
\beamer@frametopskipautobreak=\skip53
\beamer@framebottomskipautobreak=\skip54
\beamer@envbody=\toks29
\framewidth=\dimen262
\c@framenumber=\count312
)
(/usr/share/texlive/texmf-dist/tex/latex/beamer/beamerbaseverbatim.sty
\beamer@verbatimfileout=\write4
)
(/usr/share/texlive/texmf-dist/tex/latex/beamer/beamerbaseframesize.sty
\beamer@splitbox=\box68
\beamer@autobreakcount=\count313
\beamer@autobreaklastheight=\dimen263
\beamer@frametitletoks=\toks30
\beamer@framesubtitletoks=\toks31
)
(/usr/share/texlive/texmf-dist/tex/latex/beamer/beamerbaseframecomponents.sty
\beamer@footins=\box69
)
(/usr/share/texlive/texmf-dist/tex/latex/beamer/beamerbasecolor.sty)
(/usr/share/texlive/texmf-dist/tex/latex/beamer/beamerbasenotes.sty
\beamer@frameboxcopy=\box70
)
(/usr/share/texlive/texmf-dist/tex/latex/beamer/beamerbasetoc.sty)
(/usr/share/texlive/texmf-dist/tex/latex/beamer/beamerbasetemplates.sty
\beamer@sbttoks=\toks32

(/usr/share/texlive/texmf-dist/tex/latex/beamer/beamerbaseauxtemplates.sty
(/usr/share/texlive/texmf-dist/tex/latex/beamer/beamerbaseboxes.sty
\bmb@box=\box71
\bmb@colorbox=\box72
\bmb@boxwidth=\dimen264
\bmb@boxheight=\dimen265
\bmb@prevheight=\dimen266
\bmb@temp=\dimen267
\bmb@dima=\dimen268
\bmb@dimb=\dimen269
\bmb@prevheight=\dimen270
)
\beamer@blockheadheight=\dimen271
))
(/usr/share/texlive/texmf-dist/tex/latex/beamer/beamerbaselocalstructure.sty
(/usr/share/texlive/texmf-dist/tex/latex/tools/enumerate.sty
Package: enumerate 2015/07/23 v3.00 enumerate extensions (DPC)
\@enLab=\toks33
)
\beamer@bibiconwidth=\skip55
\c@figure=\count314
\c@table=\count315
\abovecaptionskip=\skip56
\belowcaptionskip=\skip57
)
(/usr/share/texlive/texmf-dist/tex/latex/beamer/beamerbasenavigation.sty
\beamer@section@min@dim=\dimen272
)
(/usr/share/texlive/texmf-dist/tex/latex/beamer/beamerbasetheorems.sty
(/usr/share/texlive/texmf-dist/tex/latex/amsmath/amsmath.sty
Package: amsmath 2021/10/15 v2.17l AMS math features
\@mathmargin=\skip58

For additional information on amsmath, use the `?' option.
(/usr/share/texlive/texmf-dist/tex/latex/amsmath/amstext.sty
Package: amstext 2021/08/26 v2.01 AMS text

(/usr/share/texlive/texmf-dist/tex/latex/amsmath/amsgen.sty
File: amsgen.sty 1999/11/30 v2.0 generic functions
\@emptytoks=\toks34
\ex@=\dimen273
))
(/usr/share/texlive/texmf-dist/tex/latex/amsmath/amsbsy.sty
Package: amsbsy 1999/11/29 v1.2d Bold Symbols
\pmbraise@=\dimen274
)
(/usr/share/texlive/texmf-dist/tex/latex/amsmath/amsopn.sty
Package: amsopn 2021/08/26 v2.02 operator names
)
\inf@bad=\count316
LaTeX Info: Redefining \frac on input line 234.
\uproot@=\count317
\leftroot@=\count318
LaTeX Info: Redefining \overline on input line 399.
\classnum@=\count319
\DOTSCASE@=\count320
LaTeX Info: Redefining \ldots on input line 496.
LaTeX Info: Redefining \dots on input line 499.
LaTeX Info: Redefining \cdots on input line 620.
\Mathstrutbox@=\box73
\strutbox@=\box74
\big@size=\dimen275
LaTeX Font Info:    Redeclaring font encoding OML on input line 743.
LaTeX Font Info:    Redeclaring font encoding OMS on input line 744.
\macc@depth=\count321
\c@MaxMatrixCols=\count322
\dotsspace@=\muskip17
\c@parentequation=\count323
\dspbrk@lvl=\count324
\tag@help=\toks35
\row@=\count325
\column@=\count326
\maxfields@=\count327
\andhelp@=\toks36
\eqnshift@=\dimen276
\alignsep@=\dimen277
\tagshift@=\dimen278
\tagwidth@=\dimen279
\totwidth@=\dimen280
\lineht@=\dimen281
\@envbody=\toks37
\multlinegap=\skip59
\multlinetaggap=\skip60
\mathdisplay@stack=\toks38
LaTeX Info: Redefining \[ on input line 2938.
LaTeX Info: Redefining \] on input line 2939.
)
(/usr/share/texlive/texmf-dist/tex/latex/amscls/amsthm.sty
Package: amsthm 2020/05/29 v2.20.6
\thm@style=\toks39
\thm@bodyfont=\toks40
\thm@headfont=\toks41
\thm@notefont=\toks42
\thm@headpunct=\toks43
\thm@preskip=\skip61
\thm@postskip=\skip62
\thm@headsep=\skip63
\dth@everypar=\toks44
)
\c@theorem=\count328
)
(/usr/share/texlive/texmf-dist/tex/latex/beamer/beamerbasethemes.sty))
(/usr/share/texlive/texmf-dist/tex/latex/beamer/beamerthemedefault.sty
(/usr/share/texlive/texmf-dist/tex/latex/beamer/beamerfontthemedefault.sty)
(/usr/share/texlive/texmf-dist/tex/latex/beamer/beamercolorthemedefault.sty)
(/usr/share/texlive/texmf-dist/tex/latex/beamer/beamerinnerthemedefault.sty
\beamer@dima=\dimen282
\beamer@dimb=\dimen283
)
(/usr/share/texlive/texmf-dist/tex/latex/beamer/beamerouterthemedefault.sty)))
Package hyperref Info: Option `colorlinks' set `true' on input line 9.

(/usr/share/texlive/texmf-dist/tex/latex/beamer/beamerthemeMadrid.sty
(/usr/share/texlive/texmf-dist/tex/latex/beamer/beamercolorthemewhale.sty)
(/usr/share/texlive/texmf-dist/tex/latex/beamer/beamercolorthemeorchid.sty)
(/usr/share/texlive/texmf-dist/tex/latex/beamer/beamerinnerthemerounded.sty)
(/usr/share/texlive/texmf-dist/tex/latex/beamer/beamerouterthemeinfolines.sty))
(/usr/share/texlive/texmf-dist/tex/latex/beamer/beamercolorthemebeaver.sty)
(/usr/share/texlive/texmf-dist/tex/latex/l3backend/l3backend-pdftex.def
File: l3backend-pdftex.def 2022-01-12 L3 backend support: PDF output (pdfTeX)
\l__color_backend_stack_int=\count329
\l__pdf_internal_box=\box75
)
(./shell.aux)
\openout1 = `shell.aux'.

LaTeX Font Info:    Checking defaults for OML/cmm/m/it on input line 16.
LaTeX Font Info:    ... okay on input line 16.
LaTeX Font Info:    Checking defaults for OMS/cmsy/m/n on input line 16.
LaTeX Font Info:    ... okay on input line 16.
LaTeX Font Info:    Checking defaults for OT1/cmr/m/n on input line 16.
LaTeX Font Info:    ... okay on input line 16.
LaTeX Font Info:    Checking defaults for T1/cmr/m/n on input line 16.
LaTeX Font Info:    ... okay on input line 16.
LaTeX Font Info:    Checking defaults for TS1/cmr/m/n on input line 16.
LaTeX Font Info:    ... okay on input line 16.
LaTeX Font Info:    Checking defaults for OMX/cmex/m/n on input line 16.
LaTeX Font Info:    ... okay on input line 16.
LaTeX Font Info:    Checking defaults for U/cmr/m/n on input line 16.
LaTeX Font Info:    ... okay on input line 16.
LaTeX Font Info:    Checking defaults for PD1/pdf/m/n on input line 16.
LaTeX Font Info:    ... okay on input line 16.
LaTeX Font Info:    Checking defaults for PU/pdf/m/n on input line 16.
LaTeX Font Info:    ... okay on input line 16.

*geometry* driver: auto-detecting
*geometry* detected driver: pdftex
*geometry* verbose mode - [ preamble ] result:
* driver: pdftex
* paper: custom
* layout: <same size as paper>
* layoutoffset:(h,v)=(0.0pt,0.0pt)
* modes: includehead includefoot 
* h-part:(L,W,R)=(10.00002pt, 344.19533pt, 10.00002pt)
* v-part:(T,H,B)=(0.0pt, 273.14662pt, 0.0pt)
* \paperwidth=364.19536pt
* \paperheight=273.14662pt
* \textwidth=344.19533pt
* \textheight=244.6939pt
* \oddsidemargin=-62.26997pt
* \evensidemargin=-62.26997pt
* \topmargin=-72.26999pt
* \headheight=14.22636pt
* \headsep=0.0pt
* \topskip=10.0pt
* \footskip=14.22636pt
* \marginparwidth=3.0pt
* \marginparsep=11.0pt
* \columnsep=10.0pt
* \skip\footins=9.0pt plus 4.0pt minus 2.0pt
* \hoffset=0.0pt
* \voffset=0.0pt
* \mag=1000
* \@twocolumnfalse
* \@twosidefalse
* \@mparswitchfalse
* \@reversemarginfalse
* (1in=72.27pt=25.4mm, 1cm=28.453pt)

(/usr/share/texlive/texmf-dist/tex/context/base/mkii/supp-pdf.mkii
[Loading MPS to PDF converter (version 2006.09.02).]
\scratchcounter=\count330
\scratchdimen=\dimen284
\scratchbox=\box76
\nofMPsegments=\count331
\nofMParguments=\count332
\everyMPshowfont=\toks45
\MPscratchCnt=\count333
\MPscratchDim=\dimen285
\MPnumerator=\count334
\makeMPintoPDFobject=\count335
\everyMPtoPDFconversion=\toks46
) (/usr/share/texlive/texmf-dist/tex/latex/epstopdf-pkg/epstopdf-base.sty
Package: epstopdf-base 2020-01-24 v2.11 Base part for package epstopdf
Package epstopdf-base Info: Redefining graphics rule for `.eps' on input line 4
85.

(/usr/share/texlive/texmf-dist/tex/latex/latexconfig/epstopdf-sys.cfg
File: epstopdf-sys.cfg 2010/07/13 v1.3 Configuration of (r)epstopdf for TeX Liv
e
))
Package hyperref Info: Link coloring ON on input line 16.

(/usr/share/texlive/texmf-dist/tex/latex/hyperref/nameref.sty
Package: nameref 2021-04-02 v2.47 Cross-referencing by name of section

(/usr/share/texlive/texmf-dist/tex/latex/refcount/refcount.sty
Package: refcount 2019/12/15 v3.6 Data extraction from label references (HO)
)
(/usr/share/texlive/texmf-dist/tex/generic/gettitlestring/gettitlestring.sty
Package: gettitlestring 2019/12/15 v1.6 Cleanup title references (HO)
)
\c@section@level=\count336
)
LaTeX Info: Redefining \ref on input line 16.
LaTeX Info: Redefining \pageref on input line 16.
LaTeX Info: Redefining \nameref on input line 16.

(./shell.out) (./shell.out)
\@outlinefile=\write5
\openout5 = `shell.out'.

LaTeX Font Info:    Overwriting symbol font `operators' in version `normal'
(Font)                  OT1/cmr/m/n --> OT1/cmss/m/n on input line 16.
LaTeX Font Info:    Overwriting symbol font `operators' in version `bold'
(Font)                  OT1/cmr/bx/n --> OT1/cmss/b/n on input line 16.
\symnumbers=\mathgroup6
\sympureletters=\mathgroup7
LaTeX Font Info:    Overwriting math alphabet `\mathrm' in version `normal'
(Font)                  OT1/cmss/m/n --> OT1/cmr/m/n on input line 16.
LaTeX Font Info:    Redeclaring math alphabet \mathbf on input line 16.
LaTeX Font Info:    Overwriting math alphabet `\mathbf' in version `normal'
(Font)                  OT1/cmr/bx/n --> OT1/cmss/b/n on input line 16.
LaTeX Font Info:    Overwriting math alphabet `\mathbf' in version `bold'
(Font)                  OT1/cmr/bx/n --> OT1/cmss/b/n on input line 16.
LaTeX Font Info:    Redeclaring math alphabet \mathsf on input line 16.
LaTeX Font Info:    Overwriting math alphabet `\mathsf' in version `normal'
(Font)                  OT1/cmss/m/n --> OT1/cmss/m/n on input line 16.
LaTeX Font Info:    Overwriting math alphabet `\mathsf' in version `bold'
(Font)                  OT1/cmss/bx/n --> OT1/cmss/m/n on input line 16.
LaTeX Font Info:    Redeclaring math alphabet \mathit on input line 16.
LaTeX Font Info:    Overwriting math alphabet `\mathit' in version `normal'
(Font)                  OT1/cmr/m/it --> OT1/cmss/m/it on input line 16.
LaTeX Font Info:    Overwriting math alphabet `\mathit' in version `bold'
(Font)                  OT1/cmr/bx/it --> OT1/cmss/m/it on input line 16.
LaTeX Font Info:    Redeclaring math alphabet \mathtt on input line 16.
LaTeX Font Info:    Overwriting math alphabet `\mathtt' in version `normal'
(Font)                  OT1/cmtt/m/n --> OT1/cmtt/m/n on input line 16.
LaTeX Font Info:    Overwriting math alphabet `\mathtt' in version `bold'
(Font)                  OT1/cmtt/m/n --> OT1/cmtt/m/n on input line 16.
LaTeX Font Info:    Overwriting symbol font `numbers' in version `bold'
(Font)                  OT1/cmss/m/n --> OT1/cmss/b/n on input line 16.
LaTeX Font Info:    Overwriting symbol font `pureletters' in version `bold'
(Font)                  OT1/cmss/m/it --> OT1/cmss/b/it on input line 16.
LaTeX Font Info:    Overwriting math alphabet `\mathrm' in version `bold'
(Font)                  OT1/cmss/b/n --> OT1/cmr/b/n on input line 16.
LaTeX Font Info:    Overwriting math alphabet `\mathbf' in version `bold'
(Font)                  OT1/cmss/b/n --> OT1/cmss/b/n on input line 16.
LaTeX Font Info:    Overwriting math alphabet `\mathsf' in version `bold'
(Font)                  OT1/cmss/m/n --> OT1/cmss/b/n on input line 16.
LaTeX Font Info:    Overwriting math alphabet `\mathit' in version `bold'
(Font)                  OT1/cmss/m/it --> OT1/cmss/b/it on input line 16.
LaTeX Font Info:    Overwriting math alphabet `\mathtt' in version `bold'
(Font)                  OT1/cmtt/m/n --> OT1/cmtt/b/n on input line 16.

(/usr/share/texlive/texmf-dist/tex/latex/translator/translator-basic-dictionary
-English.dict
Dictionary: translator-basic-dictionary, Language: English 
)
(/usr/share/texlive/texmf-dist/tex/latex/translator/translator-bibliography-dic
tionary-English.dict
Dictionary: translator-bibliography-dictionary, Language: English 
)
(/usr/share/texlive/texmf-dist/tex/latex/translator/translator-environment-dict
ionary-English.dict
Dictionary: translator-environment-dictionary, Language: English 
)
(/usr/share/texlive/texmf-dist/tex/latex/translator/translator-months-dictionar
y-English.dict
Dictionary: translator-months-dictionary, Language: English 
)
(/usr/share/texlive/texmf-dist/tex/latex/translator/translator-numbers-dictiona
ry-English.dict
Dictionary: translator-numbers-dictionary, Language: English 
)
(/usr/share/texlive/texmf-dist/tex/latex/translator/translator-theorem-dictiona
ry-English.dict
Dictionary: translator-theorem-dictionary, Language: English 
) (./shell.nav)
<images//logo.jpg, id=26, 632.3625pt x 321.2pt>
File: images//logo.jpg Graphic file (type jpg)
<use images//logo.jpg>
Package pdftex.def Info: images//logo.jpg  used on input line 18.
(pdftex.def)             Requested size: 86.04883pt x 43.7032pt.
<images//robotech.png, id=27, 118.4425pt x 172.645pt>
File: images//robotech.png Graphic file (type png)
<use images//robotech.png>
Package pdftex.def Info: images//robotech.png  used on input line 18.
(pdftex.def)             Requested size: 23.68806pt x 34.52838pt.
 [1

{/var/lib/texmf/fonts/map/pdftex/updmap/pdftex.map} <./images//logo.jpg> <./ima
ges//robotech.png (PNG copy)>]
File: images//logo.jpg Graphic file (type jpg)
<use images//logo.jpg>
Package pdftex.def Info: images//logo.jpg  used on input line 35.
(pdftex.def)             Requested size: 86.04883pt x 43.7032pt.
File: images//robotech.png Graphic file (type png)
<use images//robotech.png>
Package pdftex.def Info: images//robotech.png  used on input line 35.
(pdftex.def)             Requested size: 23.68806pt x 34.52838pt.
 [2

]
LaTeX Font Info:    Trying to load font information for TS1+cmss on input line 
54.

(/usr/share/texlive/texmf-dist/tex/latex/base/ts1cmss.fd
File: ts1cmss.fd 2019/12/16 v2.5j Standard LaTeX font definitions
)
LaTeX Font Info:    Trying to load font information for U+msa on input line 54.


(/usr/share/texlive/texmf-dist/tex/latex/amsfonts/umsa.fd
File: umsa.fd 2013/01/14 v3.01 AMS symbols A
)
LaTeX Font Info:    Trying to load font information for U+msb on input line 54.


(/usr/share/texlive/texmf-dist/tex/latex/amsfonts/umsb.fd
File: umsb.fd 2013/01/14 v3.01 AMS symbols B
)
<images//twitter.png, id=89, 346.896pt x 346.896pt>
File: images//twitter.png Graphic file (type png)
<use images//twitter.png>
Package pdftex.def Info: images//twitter.png  used on input line 54.
(pdftex.def)             Requested size: 15.0pt x 14.99562pt.
<images//instagram.jpg, id=90, 1104.125pt x 1104.125pt>
File: images//instagram.jpg Graphic file (type jpg)
<use images//instagram.jpg>
Package pdftex.def Info: images//instagram.jpg  used on input line 54.
(pdftex.def)             Requested size: 15.0pt x 14.99432pt.
<images//mail.png, id=91, 290.08376pt x 213.79875pt>
File: images//mail.png Graphic file (type png)
<use images//mail.png>
Package pdftex.def Info: images//mail.png  used on input line 54.
(pdftex.def)             Requested size: 15.0pt x 11.05267pt.
File: images//logo.jpg Graphic file (type jpg)
<use images//logo.jpg>
Package pdftex.def Info: images//logo.jpg  used on input line 54.
(pdftex.def)             Requested size: 86.04883pt x 43.7032pt.
File: images//robotech.png Graphic file (type png)
<use images//robotech.png>
Package pdftex.def Info: images//robotech.png  used on input line 54.
(pdftex.def)             Requested size: 23.68806pt x 34.52838pt.
 [3

 <./images//twitter.png> <./images//instagram.jpg> <./images//mail.png (PNG cop
y)>]
File: images//logo.jpg Graphic file (type jpg)
<use images//logo.jpg>
Package pdftex.def Info: images//logo.jpg  used on input line 69.
(pdftex.def)             Requested size: 86.04883pt x 43.7032pt.
File: images//robotech.png Graphic file (type png)
<use images//robotech.png>
Package pdftex.def Info: images//robotech.png  used on input line 69.
(pdftex.def)             Requested size: 23.68806pt x 34.52838pt.
 [4

]
<images//cmd.png, id=149, 2115.905pt x 1347.0325pt>
File: images//cmd.png Graphic file (type png)
<use images//cmd.png>
Package pdftex.def Info: images//cmd.png  used on input line 78.
(pdftex.def)             Requested size: 206.51929pt x 131.4636pt.
File: images//logo.jpg Graphic file (type jpg)
<use images//logo.jpg>
Package pdftex.def Info: images//logo.jpg  used on input line 78.
(pdftex.def)             Requested size: 86.04883pt x 43.7032pt.
File: images//robotech.png Graphic file (type png)
<use images//robotech.png>
Package pdftex.def Info: images//robotech.png  used on input line 78.
(pdftex.def)             Requested size: 23.68806pt x 34.52838pt.
 [5

 <./images//cmd.png>]
<images//man.png, id=192, 2115.905pt x 1347.0325pt>
File: images//man.png Graphic file (type png)
<use images//man.png>
Package pdftex.def Info: images//man.png  used on input line 88.
(pdftex.def)             Requested size: 189.30847pt x 120.5083pt.
File: images//logo.jpg Graphic file (type jpg)
<use images//logo.jpg>
Package pdftex.def Info: images//logo.jpg  used on input line 88.
(pdftex.def)             Requested size: 86.04883pt x 43.7032pt.
File: images//robotech.png Graphic file (type png)
<use images//robotech.png>
Package pdftex.def Info: images//robotech.png  used on input line 88.
(pdftex.def)             Requested size: 23.68806pt x 34.52838pt.
 [6

 <./images//man.png>]
<images//apropos.png, id=229, 2115.905pt x 1347.0325pt>
File: images//apropos.png Graphic file (type png)
<use images//apropos.png>
Package pdftex.def Info: images//apropos.png  used on input line 98.
(pdftex.def)             Requested size: 189.30847pt x 120.5083pt.
File: images//logo.jpg Graphic file (type jpg)
<use images//logo.jpg>
Package pdftex.def Info: images//logo.jpg  used on input line 98.
(pdftex.def)             Requested size: 86.04883pt x 43.7032pt.
File: images//robotech.png Graphic file (type png)
<use images//robotech.png>
Package pdftex.def Info: images//robotech.png  used on input line 98.
(pdftex.def)             Requested size: 23.68806pt x 34.52838pt.
 [7

 <./images//apropos.png>]
<images//date.png, id=271, 2115.905pt x 1347.0325pt>
File: images//date.png Graphic file (type png)
<use images//date.png>
Package pdftex.def Info: images//date.png  used on input line 108.
(pdftex.def)             Requested size: 189.30847pt x 120.5083pt.
File: images//logo.jpg Graphic file (type jpg)
<use images//logo.jpg>
Package pdftex.def Info: images//logo.jpg  used on input line 108.
(pdftex.def)             Requested size: 86.04883pt x 43.7032pt.
File: images//robotech.png Graphic file (type png)
<use images//robotech.png>
Package pdftex.def Info: images//robotech.png  used on input line 108.
(pdftex.def)             Requested size: 23.68806pt x 34.52838pt.
 [8

 <./images//date.png>]
<images//who.png, id=311, 2115.905pt x 1347.0325pt>
File: images//who.png Graphic file (type png)
<use images//who.png>
Package pdftex.def Info: images//who.png  used on input line 118.
(pdftex.def)             Requested size: 189.30847pt x 120.5083pt.
File: images//logo.jpg Graphic file (type jpg)
<use images//logo.jpg>
Package pdftex.def Info: images//logo.jpg  used on input line 118.
(pdftex.def)             Requested size: 86.04883pt x 43.7032pt.
File: images//robotech.png Graphic file (type png)
<use images//robotech.png>
Package pdftex.def Info: images//robotech.png  used on input line 118.
(pdftex.def)             Requested size: 23.68806pt x 34.52838pt.
 [9

 <./images//who.png>]
<images//whoami.png, id=348, 2115.905pt x 1347.0325pt>
File: images//whoami.png Graphic file (type png)
<use images//whoami.png>
Package pdftex.def Info: images//whoami.png  used on input line 128.
(pdftex.def)             Requested size: 189.30847pt x 120.5083pt.
File: images//logo.jpg Graphic file (type jpg)
<use images//logo.jpg>
Package pdftex.def Info: images//logo.jpg  used on input line 128.
(pdftex.def)             Requested size: 86.04883pt x 43.7032pt.
File: images//robotech.png Graphic file (type png)
<use images//robotech.png>
Package pdftex.def Info: images//robotech.png  used on input line 128.
(pdftex.def)             Requested size: 23.68806pt x 34.52838pt.
 [10

 <./images//whoami.png>]
<images//echo.png, id=385, 2115.905pt x 1347.0325pt>
File: images//echo.png Graphic file (type png)
<use images//echo.png>
Package pdftex.def Info: images//echo.png  used on input line 138.
(pdftex.def)             Requested size: 189.30847pt x 120.5083pt.
File: images//logo.jpg Graphic file (type jpg)
<use images//logo.jpg>
Package pdftex.def Info: images//logo.jpg  used on input line 138.
(pdftex.def)             Requested size: 86.04883pt x 43.7032pt.
File: images//robotech.png Graphic file (type png)
<use images//robotech.png>
Package pdftex.def Info: images//robotech.png  used on input line 138.
(pdftex.def)             Requested size: 23.68806pt x 34.52838pt.
 [11

 <./images//echo.png>]
<images//tab.png, id=423, 361.35pt x 220.825pt>
File: images//tab.png Graphic file (type png)
<use images//tab.png>
Package pdftex.def Info: images//tab.png  used on input line 148.
(pdftex.def)             Requested size: 120.47046pt x 73.6205pt.
File: images//logo.jpg Graphic file (type jpg)
<use images//logo.jpg>
Package pdftex.def Info: images//logo.jpg  used on input line 148.
(pdftex.def)             Requested size: 86.04883pt x 43.7032pt.
File: images//robotech.png Graphic file (type png)
<use images//robotech.png>
Package pdftex.def Info: images//robotech.png  used on input line 148.
(pdftex.def)             Requested size: 23.68806pt x 34.52838pt.
 [12

 <./images//tab.png>]
<images//keys.png, id=463, 1405.25pt x 983.675pt>
File: images//keys.png Graphic file (type png)
<use images//keys.png>
Package pdftex.def Info: images//keys.png  used on input line 160.
(pdftex.def)             Requested size: 120.47046pt x 84.32422pt.
File: images//logo.jpg Graphic file (type jpg)
<use images//logo.jpg>
Package pdftex.def Info: images//logo.jpg  used on input line 160.
(pdftex.def)             Requested size: 86.04883pt x 43.7032pt.
File: images//robotech.png Graphic file (type png)
<use images//robotech.png>
Package pdftex.def Info: images//robotech.png  used on input line 160.
(pdftex.def)             Requested size: 23.68806pt x 34.52838pt.
 [13

 <./images//keys.png>]
<images//ls.png, id=500, 2115.905pt x 1347.0325pt>
File: images//ls.png Graphic file (type png)
<use images//ls.png>
Package pdftex.def Info: images//ls.png  used on input line 170.
(pdftex.def)             Requested size: 189.30847pt x 120.5083pt.
File: images//logo.jpg Graphic file (type jpg)
<use images//logo.jpg>
Package pdftex.def Info: images//logo.jpg  used on input line 170.
(pdftex.def)             Requested size: 86.04883pt x 43.7032pt.
File: images//robotech.png Graphic file (type png)
<use images//robotech.png>
Package pdftex.def Info: images//robotech.png  used on input line 170.
(pdftex.def)             Requested size: 23.68806pt x 34.52838pt.
 [14

 <./images//ls.png>]
<images//cd.png, id=538, 2115.905pt x 1347.0325pt>
File: images//cd.png Graphic file (type png)
<use images//cd.png>
Package pdftex.def Info: images//cd.png  used on input line 180.
(pdftex.def)             Requested size: 189.30847pt x 120.5083pt.
File: images//logo.jpg Graphic file (type jpg)
<use images//logo.jpg>
Package pdftex.def Info: images//logo.jpg  used on input line 180.
(pdftex.def)             Requested size: 86.04883pt x 43.7032pt.
File: images//robotech.png Graphic file (type png)
<use images//robotech.png>
Package pdftex.def Info: images//robotech.png  used on input line 180.
(pdftex.def)             Requested size: 23.68806pt x 34.52838pt.
 [15

 <./images//cd.png>]
<images//touch.png, id=575, 2115.905pt x 1347.0325pt>
File: images//touch.png Graphic file (type png)
<use images//touch.png>
Package pdftex.def Info: images//touch.png  used on input line 190.
(pdftex.def)             Requested size: 189.30847pt x 120.5083pt.
File: images//logo.jpg Graphic file (type jpg)
<use images//logo.jpg>
Package pdftex.def Info: images//logo.jpg  used on input line 190.
(pdftex.def)             Requested size: 86.04883pt x 43.7032pt.
File: images//robotech.png Graphic file (type png)
<use images//robotech.png>
Package pdftex.def Info: images//robotech.png  used on input line 190.
(pdftex.def)             Requested size: 23.68806pt x 34.52838pt.
 [16

 <./images//touch.png>]
<images//cp.png, id=612, 2115.905pt x 1347.0325pt>
File: images//cp.png Graphic file (type png)
<use images//cp.png>
Package pdftex.def Info: images//cp.png  used on input line 200.
(pdftex.def)             Requested size: 189.30847pt x 120.5083pt.
File: images//logo.jpg Graphic file (type jpg)
<use images//logo.jpg>
Package pdftex.def Info: images//logo.jpg  used on input line 200.
(pdftex.def)             Requested size: 86.04883pt x 43.7032pt.
File: images//robotech.png Graphic file (type png)
<use images//robotech.png>
Package pdftex.def Info: images//robotech.png  used on input line 200.
(pdftex.def)             Requested size: 23.68806pt x 34.52838pt.
 [17

 <./images//cp.png>]
<images//mv.png, id=649, 2115.905pt x 1347.0325pt>
File: images//mv.png Graphic file (type png)
<use images//mv.png>
Package pdftex.def Info: images//mv.png  used on input line 210.
(pdftex.def)             Requested size: 189.30847pt x 120.5083pt.
File: images//logo.jpg Graphic file (type jpg)
<use images//logo.jpg>
Package pdftex.def Info: images//logo.jpg  used on input line 210.
(pdftex.def)             Requested size: 86.04883pt x 43.7032pt.
File: images//robotech.png Graphic file (type png)
<use images//robotech.png>
Package pdftex.def Info: images//robotech.png  used on input line 210.
(pdftex.def)             Requested size: 23.68806pt x 34.52838pt.
 [18

 <./images//mv.png>]
<images//rm.png, id=687, 2115.905pt x 1347.0325pt>
File: images//rm.png Graphic file (type png)
<use images//rm.png>
Package pdftex.def Info: images//rm.png  used on input line 220.
(pdftex.def)             Requested size: 189.30847pt x 120.5083pt.
File: images//logo.jpg Graphic file (type jpg)
<use images//logo.jpg>
Package pdftex.def Info: images//logo.jpg  used on input line 220.
(pdftex.def)             Requested size: 86.04883pt x 43.7032pt.
File: images//robotech.png Graphic file (type png)
<use images//robotech.png>
Package pdftex.def Info: images//robotech.png  used on input line 220.
(pdftex.def)             Requested size: 23.68806pt x 34.52838pt.
 [19

 <./images//rm.png>]
<images//mkdir.png, id=725, 2115.905pt x 1347.0325pt>
File: images//mkdir.png Graphic file (type png)
<use images//mkdir.png>
Package pdftex.def Info: images//mkdir.png  used on input line 230.
(pdftex.def)             Requested size: 189.30847pt x 120.5083pt.
File: images//logo.jpg Graphic file (type jpg)
<use images//logo.jpg>
Package pdftex.def Info: images//logo.jpg  used on input line 230.
(pdftex.def)             Requested size: 86.04883pt x 43.7032pt.
File: images//robotech.png Graphic file (type png)
<use images//robotech.png>
Package pdftex.def Info: images//robotech.png  used on input line 230.
(pdftex.def)             Requested size: 23.68806pt x 34.52838pt.
 [20

 <./images//mkdir.png>]
<images//rmdir.png, id=762, 2115.905pt x 1347.0325pt>
File: images//rmdir.png Graphic file (type png)
<use images//rmdir.png>
Package pdftex.def Info: images//rmdir.png  used on input line 240.
(pdftex.def)             Requested size: 189.30847pt x 120.5083pt.
File: images//logo.jpg Graphic file (type jpg)
<use images//logo.jpg>
Package pdftex.def Info: images//logo.jpg  used on input line 240.
(pdftex.def)             Requested size: 86.04883pt x 43.7032pt.
File: images//robotech.png Graphic file (type png)
<use images//robotech.png>
Package pdftex.def Info: images//robotech.png  used on input line 240.
(pdftex.def)             Requested size: 23.68806pt x 34.52838pt.

[21

 <./images//rmdir.png>]
<images//cat.png, id=800, 2115.905pt x 1347.0325pt>
File: images//cat.png Graphic file (type png)
<use images//cat.png>
Package pdftex.def Info: images//cat.png  used on input line 250.
(pdftex.def)             Requested size: 189.30847pt x 120.5083pt.
File: images//logo.jpg Graphic file (type jpg)
<use images//logo.jpg>
Package pdftex.def Info: images//logo.jpg  used on input line 250.
(pdftex.def)             Requested size: 86.04883pt x 43.7032pt.
File: images//robotech.png Graphic file (type png)
<use images//robotech.png>
Package pdftex.def Info: images//robotech.png  used on input line 250.
(pdftex.def)             Requested size: 23.68806pt x 34.52838pt.
 [22

 <./images//cat.png>]
<images//less.png, id=837, 2115.905pt x 1347.0325pt>
File: images//less.png Graphic file (type png)
<use images//less.png>
Package pdftex.def Info: images//less.png  used on input line 260.
(pdftex.def)             Requested size: 189.30847pt x 120.5083pt.
File: images//logo.jpg Graphic file (type jpg)
<use images//logo.jpg>
Package pdftex.def Info: images//logo.jpg  used on input line 260.
(pdftex.def)             Requested size: 86.04883pt x 43.7032pt.
File: images//robotech.png Graphic file (type png)
<use images//robotech.png>
Package pdftex.def Info: images//robotech.png  used on input line 260.
(pdftex.def)             Requested size: 23.68806pt x 34.52838pt.
 [23

 <./images//less.png>]
<images//head.png, id=874, 2115.905pt x 1347.0325pt>
File: images//head.png Graphic file (type png)
<use images//head.png>
Package pdftex.def Info: images//head.png  used on input line 270.
(pdftex.def)             Requested size: 189.30847pt x 120.5083pt.
File: images//logo.jpg Graphic file (type jpg)
<use images//logo.jpg>
Package pdftex.def Info: images//logo.jpg  used on input line 270.
(pdftex.def)             Requested size: 86.04883pt x 43.7032pt.
File: images//robotech.png Graphic file (type png)
<use images//robotech.png>
Package pdftex.def Info: images//robotech.png  used on input line 270.
(pdftex.def)             Requested size: 23.68806pt x 34.52838pt.

[24

 <./images//head.png>]
<images//tail.png, id=911, 2115.905pt x 1347.0325pt>
File: images//tail.png Graphic file (type png)
<use images//tail.png>
Package pdftex.def Info: images//tail.png  used on input line 280.
(pdftex.def)             Requested size: 189.30847pt x 120.5083pt.
File: images//logo.jpg Graphic file (type jpg)
<use images//logo.jpg>
Package pdftex.def Info: images//logo.jpg  used on input line 280.
(pdftex.def)             Requested size: 86.04883pt x 43.7032pt.
File: images//robotech.png Graphic file (type png)
<use images//robotech.png>
Package pdftex.def Info: images//robotech.png  used on input line 280.
(pdftex.def)             Requested size: 23.68806pt x 34.52838pt.
 [25

 <./images//tail.png>]
<images//file.png, id=953, 2115.905pt x 1347.0325pt>
File: images//file.png Graphic file (type png)
<use images//file.png>
Package pdftex.def Info: images//file.png  used on input line 290.
(pdftex.def)             Requested size: 189.30847pt x 120.5083pt.
File: images//logo.jpg Graphic file (type jpg)
<use images//logo.jpg>
Package pdftex.def Info: images//logo.jpg  used on input line 290.
(pdftex.def)             Requested size: 86.04883pt x 43.7032pt.
File: images//robotech.png Graphic file (type png)
<use images//robotech.png>
Package pdftex.def Info: images//robotech.png  used on input line 290.
(pdftex.def)             Requested size: 23.68806pt x 34.52838pt.
 [26

 <./images//file.png>]
<images//grep.png, id=990, 2115.905pt x 1347.0325pt>
File: images//grep.png Graphic file (type png)
<use images//grep.png>
Package pdftex.def Info: images//grep.png  used on input line 300.
(pdftex.def)             Requested size: 189.30847pt x 120.5083pt.
File: images//logo.jpg Graphic file (type jpg)
<use images//logo.jpg>
Package pdftex.def Info: images//logo.jpg  used on input line 300.
(pdftex.def)             Requested size: 86.04883pt x 43.7032pt.
File: images//robotech.png Graphic file (type png)
<use images//robotech.png>
Package pdftex.def Info: images//robotech.png  used on input line 300.
(pdftex.def)             Requested size: 23.68806pt x 34.52838pt.

[27

 <./images//grep.png>]
<images//sort.png, id=1027, 2115.905pt x 1347.0325pt>
File: images//sort.png Graphic file (type png)
<use images//sort.png>
Package pdftex.def Info: images//sort.png  used on input line 310.
(pdftex.def)             Requested size: 189.30847pt x 120.5083pt.
File: images//logo.jpg Graphic file (type jpg)
<use images//logo.jpg>
Package pdftex.def Info: images//logo.jpg  used on input line 310.
(pdftex.def)             Requested size: 86.04883pt x 43.7032pt.
File: images//robotech.png Graphic file (type png)
<use images//robotech.png>
Package pdftex.def Info: images//robotech.png  used on input line 310.
(pdftex.def)             Requested size: 23.68806pt x 34.52838pt.
 [28

 <./images//sort.png>]
<images//cmp.png, id=1065, 2115.905pt x 1347.0325pt>
File: images//cmp.png Graphic file (type png)
<use images//cmp.png>
Package pdftex.def Info: images//cmp.png  used on input line 320.
(pdftex.def)             Requested size: 189.30847pt x 120.5083pt.
File: images//logo.jpg Graphic file (type jpg)
<use images//logo.jpg>
Package pdftex.def Info: images//logo.jpg  used on input line 320.
(pdftex.def)             Requested size: 86.04883pt x 43.7032pt.
File: images//robotech.png Graphic file (type png)
<use images//robotech.png>
Package pdftex.def Info: images//robotech.png  used on input line 320.
(pdftex.def)             Requested size: 23.68806pt x 34.52838pt.
 [29

 <./images//cmp.png>]
<images//diff.png, id=1102, 2115.905pt x 1347.0325pt>
File: images//diff.png Graphic file (type png)
<use images//diff.png>
Package pdftex.def Info: images//diff.png  used on input line 330.
(pdftex.def)             Requested size: 189.30847pt x 120.5083pt.
File: images//logo.jpg Graphic file (type jpg)
<use images//logo.jpg>
Package pdftex.def Info: images//logo.jpg  used on input line 330.
(pdftex.def)             Requested size: 86.04883pt x 43.7032pt.
File: images//robotech.png Graphic file (type png)
<use images//robotech.png>
Package pdftex.def Info: images//robotech.png  used on input line 330.
(pdftex.def)             Requested size: 23.68806pt x 34.52838pt.

[30

 <./images//diff.png>]
File: images//logo.jpg Graphic file (type jpg)
<use images//logo.jpg>
Package pdftex.def Info: images//logo.jpg  used on input line 344.
(pdftex.def)             Requested size: 86.04883pt x 43.7032pt.
File: images//robotech.png Graphic file (type png)
<use images//robotech.png>
Package pdftex.def Info: images//robotech.png  used on input line 344.
(pdftex.def)             Requested size: 23.68806pt x 34.52838pt.
 [31

]
<images//tar.png, id=1179, 2115.905pt x 1347.0325pt>
File: images//tar.png Graphic file (type png)
<use images//tar.png>
Package pdftex.def Info: images//tar.png  used on input line 354.
(pdftex.def)             Requested size: 189.30847pt x 120.5083pt.
File: images//logo.jpg Graphic file (type jpg)
<use images//logo.jpg>
Package pdftex.def Info: images//logo.jpg  used on input line 354.
(pdftex.def)             Requested size: 86.04883pt x 43.7032pt.
File: images//robotech.png Graphic file (type png)
<use images//robotech.png>
Package pdftex.def Info: images//robotech.png  used on input line 354.
(pdftex.def)             Requested size: 23.68806pt x 34.52838pt.
 [32

 <./images//tar.png>]
<images//gzip.png, id=1216, 2115.905pt x 1347.0325pt>
File: images//gzip.png Graphic file (type png)
<use images//gzip.png>
Package pdftex.def Info: images//gzip.png  used on input line 364.
(pdftex.def)             Requested size: 189.30847pt x 120.5083pt.
File: images//logo.jpg Graphic file (type jpg)
<use images//logo.jpg>
Package pdftex.def Info: images//logo.jpg  used on input line 364.
(pdftex.def)             Requested size: 86.04883pt x 43.7032pt.
File: images//robotech.png Graphic file (type png)
<use images//robotech.png>
Package pdftex.def Info: images//robotech.png  used on input line 364.
(pdftex.def)             Requested size: 23.68806pt x 34.52838pt.
 [33

 <./images//gzip.png>]
<images//nano.png, id=1253, 2115.905pt x 1347.0325pt>
File: images//nano.png Graphic file (type png)
<use images//nano.png>
Package pdftex.def Info: images//nano.png  used on input line 374.
(pdftex.def)             Requested size: 189.30847pt x 120.5083pt.
File: images//logo.jpg Graphic file (type jpg)
<use images//logo.jpg>
Package pdftex.def Info: images//logo.jpg  used on input line 374.
(pdftex.def)             Requested size: 86.04883pt x 43.7032pt.
File: images//robotech.png Graphic file (type png)
<use images//robotech.png>
Package pdftex.def Info: images//robotech.png  used on input line 374.
(pdftex.def)             Requested size: 23.68806pt x 34.52838pt.
 [34

 <./images//nano.png>]
<images//vim.png, id=1290, 2115.905pt x 1347.0325pt>
File: images//vim.png Graphic file (type png)
<use images//vim.png>
Package pdftex.def Info: images//vim.png  used on input line 384.
(pdftex.def)             Requested size: 189.30847pt x 120.5083pt.
File: images//logo.jpg Graphic file (type jpg)
<use images//logo.jpg>
Package pdftex.def Info: images//logo.jpg  used on input line 384.
(pdftex.def)             Requested size: 86.04883pt x 43.7032pt.
File: images//robotech.png Graphic file (type png)
<use images//robotech.png>
Package pdftex.def Info: images//robotech.png  used on input line 384.
(pdftex.def)             Requested size: 23.68806pt x 34.52838pt.
 [35

 <./images//vim.png>]
<images//clear.png, id=1328, 2115.905pt x 1347.0325pt>
File: images//clear.png Graphic file (type png)
<use images//clear.png>
Package pdftex.def Info: images//clear.png  used on input line 395.
(pdftex.def)             Requested size: 189.30847pt x 120.5083pt.
File: images//logo.jpg Graphic file (type jpg)
<use images//logo.jpg>
Package pdftex.def Info: images//logo.jpg  used on input line 395.
(pdftex.def)             Requested size: 86.04883pt x 43.7032pt.
File: images//robotech.png Graphic file (type png)
<use images//robotech.png>
Package pdftex.def Info: images//robotech.png  used on input line 395.
(pdftex.def)             Requested size: 23.68806pt x 34.52838pt.
 [36

 <./images//clear.png>]
<images//reset.png, id=1368, 2115.905pt x 1347.0325pt>
File: images//reset.png Graphic file (type png)
<use images//reset.png>
Package pdftex.def Info: images//reset.png  used on input line 405.
(pdftex.def)             Requested size: 189.30847pt x 120.5083pt.
File: images//logo.jpg Graphic file (type jpg)
<use images//logo.jpg>
Package pdftex.def Info: images//logo.jpg  used on input line 405.
(pdftex.def)             Requested size: 86.04883pt x 43.7032pt.
File: images//robotech.png Graphic file (type png)
<use images//robotech.png>
Package pdftex.def Info: images//robotech.png  used on input line 405.
(pdftex.def)             Requested size: 23.68806pt x 34.52838pt.
 [37

 <./images//reset.png>]
<images//exit.png, id=1409, 2115.905pt x 1347.0325pt>
File: images//exit.png Graphic file (type png)
<use images//exit.png>
Package pdftex.def Info: images//exit.png  used on input line 414.
(pdftex.def)             Requested size: 189.30847pt x 120.5083pt.
File: images//logo.jpg Graphic file (type jpg)
<use images//logo.jpg>
Package pdftex.def Info: images//logo.jpg  used on input line 414.
(pdftex.def)             Requested size: 86.04883pt x 43.7032pt.
File: images//robotech.png Graphic file (type png)
<use images//robotech.png>
Package pdftex.def Info: images//robotech.png  used on input line 414.
(pdftex.def)             Requested size: 23.68806pt x 34.52838pt.
 [38

 <./images//exit.png>]
<images//alias.png, id=1447, 2115.905pt x 1347.0325pt>
File: images//alias.png Graphic file (type png)
<use images//alias.png>
Package pdftex.def Info: images//alias.png  used on input line 424.
(pdftex.def)             Requested size: 189.30847pt x 120.5083pt.
File: images//logo.jpg Graphic file (type jpg)
<use images//logo.jpg>
Package pdftex.def Info: images//logo.jpg  used on input line 424.
(pdftex.def)             Requested size: 86.04883pt x 43.7032pt.
File: images//robotech.png Graphic file (type png)
<use images//robotech.png>
Package pdftex.def Info: images//robotech.png  used on input line 424.
(pdftex.def)             Requested size: 23.68806pt x 34.52838pt.
 [39

 <./images//alias.png>]
<images//pipes.png, id=1484, 2115.905pt x 1347.0325pt>
File: images//pipes.png Graphic file (type png)
<use images//pipes.png>
Package pdftex.def Info: images//pipes.png  used on input line 434.
(pdftex.def)             Requested size: 189.30847pt x 120.5083pt.
File: images//logo.jpg Graphic file (type jpg)
<use images//logo.jpg>
Package pdftex.def Info: images//logo.jpg  used on input line 434.
(pdftex.def)             Requested size: 86.04883pt x 43.7032pt.
File: images//robotech.png Graphic file (type png)
<use images//robotech.png>
Package pdftex.def Info: images//robotech.png  used on input line 434.
(pdftex.def)             Requested size: 23.68806pt x 34.52838pt.
 [40

 <./images//pipes.png>]
<images//redir.png, id=1524, 2918.905pt x 1608.0075pt>
File: images//redir.png Graphic file (type png)
<use images//redir.png>
Package pdftex.def Info: images//redir.png  used on input line 445.
(pdftex.def)             Requested size: 189.30847pt x 104.2788pt.
File: images//logo.jpg Graphic file (type jpg)
<use images//logo.jpg>
Package pdftex.def Info: images//logo.jpg  used on input line 445.
(pdftex.def)             Requested size: 86.04883pt x 43.7032pt.
File: images//robotech.png Graphic file (type png)
<use images//robotech.png>
Package pdftex.def Info: images//robotech.png  used on input line 445.
(pdftex.def)             Requested size: 23.68806pt x 34.52838pt.
 [41

 <./images//redir.png>]
\tf@nav=\write6
\openout6 = `shell.nav'.

\tf@toc=\write7
\openout7 = `shell.toc'.

\tf@snm=\write8
\openout8 = `shell.snm'.

 (./shell.aux)
Package rerunfilecheck Info: File `shell.out' has not changed.
(rerunfilecheck)             Checksum: D41D8CD98F00B204E9800998ECF8427E;0.
 ) 
Here is how much of TeX's memory you used:
 22241 strings out of 480247
 434579 string characters out of 5896152
 688814 words of memory out of 5000000
 39658 multiletter control sequences out of 15000+600000
 474977 words of font info for 49 fonts, out of 8000000 for 9000
 14 hyphenation exceptions out of 8191
 99i,15n,104p,425b,572s stack positions out of 5000i,500n,10000p,200000b,80000s
 </home/javier/.texlive2021/texmf-var/fonts/pk/ljfour/jknappen/ec/tcsx1000.60
0pk> </home/javier/.texlive2021/texmf-var/fonts/pk/ljfour/jknappen/ec/tcss1000.
600pk></usr/share/texlive/texmf-dist/fonts/type1/public/amsfonts/cm/cmmi10.pfb>
</usr/share/texlive/texmf-dist/fonts/type1/public/amsfonts/cm/cmss10.pfb></usr/
share/texlive/texmf-dist/fonts/type1/public/amsfonts/cm/cmss12.pfb></usr/share/
texlive/texmf-dist/fonts/type1/public/amsfonts/cm/cmss8.pfb></usr/share/texlive
/texmf-dist/fonts/type1/public/amsfonts/cm/cmssbx10.pfb></usr/share/texlive/tex
mf-dist/fonts/type1/public/amsfonts/cm/cmsy10.pfb></usr/share/texlive/texmf-dis
t/fonts/type1/public/amsfonts/cm/cmtt10.pfb>
Output written on shell.pdf (41 pages, 3307464 bytes).
PDF statistics:
 1614 PDF objects out of 1728 (max. 8388607)
 1261 compressed objects within 13 object streams
 83 named destinations out of 1000 (max. 500000)
 1430 words of extra memory for PDF output out of 10000 (max. 10000000)

